2020-12-27 17:04:44.953 +08:00 [SeckillAggregateServices] [Information] SkyApm.InstrumentStartup : Initializing ...
2020-12-27 17:04:45.084 +08:00 [SeckillAggregateServices] [Information] SkyApm.Service.RegisterService : Loaded instrument service [SkyApm.Service.RegisterService].
2020-12-27 17:04:45.085 +08:00 [SeckillAggregateServices] [Information] SkyApm.Service.PingService : Loaded instrument service [SkyApm.Service.PingService].
2020-12-27 17:04:45.085 +08:00 [SeckillAggregateServices] [Information] SkyApm.Service.SegmentReportService : Loaded instrument service [SkyApm.Service.SegmentReportService].
2020-12-27 17:04:45.086 +08:00 [SeckillAggregateServices] [Information] SkyApm.Service.CLRStatsService : Loaded instrument service [SkyApm.Service.CLRStatsService].
2020-12-27 17:04:45.087 +08:00 [SeckillAggregateServices] [Information] SkyApm.Sampling.SimpleCountSamplingInterceptor : Loaded instrument service [SkyApm.Sampling.SimpleCountSamplingInterceptor].
2020-12-27 17:04:45.087 +08:00 [SeckillAggregateServices] [Information] SkyApm.Transport.Grpc.ConnectService : Loaded instrument service [SkyApm.Transport.Grpc.ConnectService].
2020-12-27 17:04:45.214 +08:00 [SeckillAggregateServices] [Information] SkyApm.Diagnostics.TracingDiagnosticProcessorObserver : Loaded diagnostic listener [HttpHandlerDiagnosticListener].
2020-12-27 17:04:45.219 +08:00 [SeckillAggregateServices] [Information] SkyApm.Diagnostics.TracingDiagnosticProcessorObserver : Loaded diagnostic listener [Microsoft.AspNetCore].
2020-12-27 17:04:45.219 +08:00 [SeckillAggregateServices] [Information] SkyApm.InstrumentStartup : Started SkyAPM .NET Core Agent.
2020-12-27 17:04:55.381 +08:00 [SeckillAggregateServices] [Error] SkyApm.Transport.Grpc.ConnectionManager : Connect server timeout.
System.Threading.Tasks.TaskCanceledException: Reached deadline.
   at Grpc.Core.Channel.WaitForStateChangedAsync(ChannelState lastObservedState, Nullable`1 deadline)
   at Grpc.Core.Channel.ConnectAsync(Nullable`1 deadline)
   at SkyApm.Transport.Grpc.ConnectionManager.ConnectAsync()
2020-12-27 17:05:00.107 +08:00 [SeckillAggregateServices] [Information] SkyApm.Transport.Grpc.ConnectionManager : Shutdown connection[localhost:11800].
2020-12-27 17:05:10.111 +08:00 [SeckillAggregateServices] [Error] SkyApm.Transport.Grpc.ConnectionManager : Connect server timeout.
System.Threading.Tasks.TaskCanceledException: Reached deadline.
   at Grpc.Core.Channel.WaitForStateChangedAsync(ChannelState lastObservedState, Nullable`1 deadline)
   at Grpc.Core.Channel.ConnectAsync(Nullable`1 deadline)
   at SkyApm.Transport.Grpc.ConnectionManager.ConnectAsync()
2020-12-27 17:05:15.097 +08:00 [SeckillAggregateServices] [Information] SkyApm.Transport.Grpc.ConnectionManager : Shutdown connection[localhost:11800].
2020-12-27 17:05:25.101 +08:00 [SeckillAggregateServices] [Error] SkyApm.Transport.Grpc.ConnectionManager : Connect server timeout.
System.Threading.Tasks.TaskCanceledException: Reached deadline.
   at Grpc.Core.Channel.WaitForStateChangedAsync(ChannelState lastObservedState, Nullable`1 deadline)
   at Grpc.Core.Channel.ConnectAsync(Nullable`1 deadline)
   at SkyApm.Transport.Grpc.ConnectionManager.ConnectAsync()
2020-12-27 17:05:30.103 +08:00 [SeckillAggregateServices] [Information] SkyApm.Transport.Grpc.ConnectionManager : Shutdown connection[localhost:11800].
2020-12-27 17:05:40.107 +08:00 [SeckillAggregateServices] [Error] SkyApm.Transport.Grpc.ConnectionManager : Connect server timeout.
System.Threading.Tasks.TaskCanceledException: Reached deadline.
   at Grpc.Core.Channel.WaitForStateChangedAsync(ChannelState lastObservedState, Nullable`1 deadline)
   at Grpc.Core.Channel.ConnectAsync(Nullable`1 deadline)
   at SkyApm.Transport.Grpc.ConnectionManager.ConnectAsync()
2020-12-27 17:05:45.099 +08:00 [SeckillAggregateServices] [Information] SkyApm.Transport.Grpc.ConnectionManager : Shutdown connection[localhost:11800].
2020-12-27 17:05:55.102 +08:00 [SeckillAggregateServices] [Error] SkyApm.Transport.Grpc.ConnectionManager : Connect server timeout.
System.Threading.Tasks.TaskCanceledException: Reached deadline.
   at Grpc.Core.Channel.WaitForStateChangedAsync(ChannelState lastObservedState, Nullable`1 deadline)
   at Grpc.Core.Channel.ConnectAsync(Nullable`1 deadline)
   at SkyApm.Transport.Grpc.ConnectionManager.ConnectAsync()
2020-12-27 17:06:00.098 +08:00 [SeckillAggregateServices] [Information] SkyApm.Transport.Grpc.ConnectionManager : Shutdown connection[localhost:11800].
2020-12-27 17:06:10.101 +08:00 [SeckillAggregateServices] [Error] SkyApm.Transport.Grpc.ConnectionManager : Connect server timeout.
System.Threading.Tasks.TaskCanceledException: Reached deadline.
   at Grpc.Core.Channel.WaitForStateChangedAsync(ChannelState lastObservedState, Nullable`1 deadline)
   at Grpc.Core.Channel.ConnectAsync(Nullable`1 deadline)
   at SkyApm.Transport.Grpc.ConnectionManager.ConnectAsync()
2020-12-27 17:06:15.100 +08:00 [SeckillAggregateServices] [Information] SkyApm.Transport.Grpc.ConnectionManager : Shutdown connection[localhost:11800].
2020-12-27 17:06:25.103 +08:00 [SeckillAggregateServices] [Error] SkyApm.Transport.Grpc.ConnectionManager : Connect server timeout.
System.Threading.Tasks.TaskCanceledException: Reached deadline.
   at Grpc.Core.Channel.WaitForStateChangedAsync(ChannelState lastObservedState, Nullable`1 deadline)
   at Grpc.Core.Channel.ConnectAsync(Nullable`1 deadline)
   at SkyApm.Transport.Grpc.ConnectionManager.ConnectAsync()
2020-12-27 17:06:30.101 +08:00 [SeckillAggregateServices] [Information] SkyApm.Transport.Grpc.ConnectionManager : Shutdown connection[localhost:11800].
2020-12-27 17:06:40.105 +08:00 [SeckillAggregateServices] [Error] SkyApm.Transport.Grpc.ConnectionManager : Connect server timeout.
System.Threading.Tasks.TaskCanceledException: Reached deadline.
   at Grpc.Core.Channel.WaitForStateChangedAsync(ChannelState lastObservedState, Nullable`1 deadline)
   at Grpc.Core.Channel.ConnectAsync(Nullable`1 deadline)
   at SkyApm.Transport.Grpc.ConnectionManager.ConnectAsync()
2020-12-27 17:06:45.098 +08:00 [SeckillAggregateServices] [Information] SkyApm.Transport.Grpc.ConnectionManager : Shutdown connection[localhost:11800].
2020-12-27 17:06:55.102 +08:00 [SeckillAggregateServices] [Error] SkyApm.Transport.Grpc.ConnectionManager : Connect server timeout.
System.Threading.Tasks.TaskCanceledException: Reached deadline.
   at Grpc.Core.Channel.WaitForStateChangedAsync(ChannelState lastObservedState, Nullable`1 deadline)
   at Grpc.Core.Channel.ConnectAsync(Nullable`1 deadline)
   at SkyApm.Transport.Grpc.ConnectionManager.ConnectAsync()
2020-12-27 17:07:00.101 +08:00 [SeckillAggregateServices] [Information] SkyApm.Transport.Grpc.ConnectionManager : Shutdown connection[localhost:11800].
2020-12-27 17:07:10.104 +08:00 [SeckillAggregateServices] [Error] SkyApm.Transport.Grpc.ConnectionManager : Connect server timeout.
System.Threading.Tasks.TaskCanceledException: Reached deadline.
   at Grpc.Core.Channel.WaitForStateChangedAsync(ChannelState lastObservedState, Nullable`1 deadline)
   at Grpc.Core.Channel.ConnectAsync(Nullable`1 deadline)
   at SkyApm.Transport.Grpc.ConnectionManager.ConnectAsync()
2020-12-27 17:07:15.098 +08:00 [SeckillAggregateServices] [Information] SkyApm.Transport.Grpc.ConnectionManager : Shutdown connection[localhost:11800].
2020-12-27 17:07:25.101 +08:00 [SeckillAggregateServices] [Error] SkyApm.Transport.Grpc.ConnectionManager : Connect server timeout.
System.Threading.Tasks.TaskCanceledException: Reached deadline.
   at Grpc.Core.Channel.WaitForStateChangedAsync(ChannelState lastObservedState, Nullable`1 deadline)
   at Grpc.Core.Channel.ConnectAsync(Nullable`1 deadline)
   at SkyApm.Transport.Grpc.ConnectionManager.ConnectAsync()
2020-12-27 17:07:30.098 +08:00 [SeckillAggregateServices] [Information] SkyApm.Transport.Grpc.ConnectionManager : Shutdown connection[localhost:11800].
2020-12-27 17:07:40.101 +08:00 [SeckillAggregateServices] [Error] SkyApm.Transport.Grpc.ConnectionManager : Connect server timeout.
System.Threading.Tasks.TaskCanceledException: Reached deadline.
   at Grpc.Core.Channel.WaitForStateChangedAsync(ChannelState lastObservedState, Nullable`1 deadline)
   at Grpc.Core.Channel.ConnectAsync(Nullable`1 deadline)
   at SkyApm.Transport.Grpc.ConnectionManager.ConnectAsync()
2020-12-27 17:07:45.099 +08:00 [SeckillAggregateServices] [Information] SkyApm.Transport.Grpc.ConnectionManager : Shutdown connection[localhost:11800].
2020-12-27 17:07:55.102 +08:00 [SeckillAggregateServices] [Error] SkyApm.Transport.Grpc.ConnectionManager : Connect server timeout.
System.Threading.Tasks.TaskCanceledException: Reached deadline.
   at Grpc.Core.Channel.WaitForStateChangedAsync(ChannelState lastObservedState, Nullable`1 deadline)
   at Grpc.Core.Channel.ConnectAsync(Nullable`1 deadline)
   at SkyApm.Transport.Grpc.ConnectionManager.ConnectAsync()
2020-12-27 17:08:00.098 +08:00 [SeckillAggregateServices] [Information] SkyApm.Transport.Grpc.ConnectionManager : Shutdown connection[localhost:11800].
2020-12-27 17:08:10.101 +08:00 [SeckillAggregateServices] [Error] SkyApm.Transport.Grpc.ConnectionManager : Connect server timeout.
System.Threading.Tasks.TaskCanceledException: Reached deadline.
   at Grpc.Core.Channel.WaitForStateChangedAsync(ChannelState lastObservedState, Nullable`1 deadline)
   at Grpc.Core.Channel.ConnectAsync(Nullable`1 deadline)
   at SkyApm.Transport.Grpc.ConnectionManager.ConnectAsync()
2020-12-27 17:08:15.099 +08:00 [SeckillAggregateServices] [Information] SkyApm.Transport.Grpc.ConnectionManager : Shutdown connection[localhost:11800].
2020-12-27 17:08:25.103 +08:00 [SeckillAggregateServices] [Error] SkyApm.Transport.Grpc.ConnectionManager : Connect server timeout.
System.Threading.Tasks.TaskCanceledException: Reached deadline.
   at Grpc.Core.Channel.WaitForStateChangedAsync(ChannelState lastObservedState, Nullable`1 deadline)
   at Grpc.Core.Channel.ConnectAsync(Nullable`1 deadline)
   at SkyApm.Transport.Grpc.ConnectionManager.ConnectAsync()
2020-12-27 17:08:30.100 +08:00 [SeckillAggregateServices] [Information] SkyApm.Transport.Grpc.ConnectionManager : Shutdown connection[localhost:11800].
2020-12-27 17:08:40.103 +08:00 [SeckillAggregateServices] [Error] SkyApm.Transport.Grpc.ConnectionManager : Connect server timeout.
System.Threading.Tasks.TaskCanceledException: Reached deadline.
   at Grpc.Core.Channel.WaitForStateChangedAsync(ChannelState lastObservedState, Nullable`1 deadline)
   at Grpc.Core.Channel.ConnectAsync(Nullable`1 deadline)
   at SkyApm.Transport.Grpc.ConnectionManager.ConnectAsync()
2020-12-27 17:08:45.098 +08:00 [SeckillAggregateServices] [Information] SkyApm.Transport.Grpc.ConnectionManager : Shutdown connection[localhost:11800].
2020-12-27 17:08:55.101 +08:00 [SeckillAggregateServices] [Error] SkyApm.Transport.Grpc.ConnectionManager : Connect server timeout.
System.Threading.Tasks.TaskCanceledException: Reached deadline.
   at Grpc.Core.Channel.WaitForStateChangedAsync(ChannelState lastObservedState, Nullable`1 deadline)
   at Grpc.Core.Channel.ConnectAsync(Nullable`1 deadline)
   at SkyApm.Transport.Grpc.ConnectionManager.ConnectAsync()
2020-12-27 17:09:00.098 +08:00 [SeckillAggregateServices] [Information] SkyApm.Transport.Grpc.ConnectionManager : Shutdown connection[localhost:11800].
2020-12-27 17:09:10.101 +08:00 [SeckillAggregateServices] [Error] SkyApm.Transport.Grpc.ConnectionManager : Connect server timeout.
System.Threading.Tasks.TaskCanceledException: Reached deadline.
   at Grpc.Core.Channel.WaitForStateChangedAsync(ChannelState lastObservedState, Nullable`1 deadline)
   at Grpc.Core.Channel.ConnectAsync(Nullable`1 deadline)
   at SkyApm.Transport.Grpc.ConnectionManager.ConnectAsync()
2020-12-27 17:09:15.098 +08:00 [SeckillAggregateServices] [Information] SkyApm.Transport.Grpc.ConnectionManager : Shutdown connection[localhost:11800].
2020-12-27 17:09:25.100 +08:00 [SeckillAggregateServices] [Error] SkyApm.Transport.Grpc.ConnectionManager : Connect server timeout.
System.Threading.Tasks.TaskCanceledException: Reached deadline.
   at Grpc.Core.Channel.WaitForStateChangedAsync(ChannelState lastObservedState, Nullable`1 deadline)
   at Grpc.Core.Channel.ConnectAsync(Nullable`1 deadline)
   at SkyApm.Transport.Grpc.ConnectionManager.ConnectAsync()
2020-12-27 17:09:30.098 +08:00 [SeckillAggregateServices] [Information] SkyApm.Transport.Grpc.ConnectionManager : Shutdown connection[localhost:11800].
2020-12-27 17:09:40.100 +08:00 [SeckillAggregateServices] [Error] SkyApm.Transport.Grpc.ConnectionManager : Connect server timeout.
System.Threading.Tasks.TaskCanceledException: Reached deadline.
   at Grpc.Core.Channel.WaitForStateChangedAsync(ChannelState lastObservedState, Nullable`1 deadline)
   at Grpc.Core.Channel.ConnectAsync(Nullable`1 deadline)
   at SkyApm.Transport.Grpc.ConnectionManager.ConnectAsync()
2020-12-27 17:09:45.097 +08:00 [SeckillAggregateServices] [Information] SkyApm.Transport.Grpc.ConnectionManager : Shutdown connection[localhost:11800].
2020-12-27 17:09:55.100 +08:00 [SeckillAggregateServices] [Error] SkyApm.Transport.Grpc.ConnectionManager : Connect server timeout.
System.Threading.Tasks.TaskCanceledException: Reached deadline.
   at Grpc.Core.Channel.WaitForStateChangedAsync(ChannelState lastObservedState, Nullable`1 deadline)
   at Grpc.Core.Channel.ConnectAsync(Nullable`1 deadline)
   at SkyApm.Transport.Grpc.ConnectionManager.ConnectAsync()
2020-12-27 17:10:00.097 +08:00 [SeckillAggregateServices] [Information] SkyApm.Transport.Grpc.ConnectionManager : Shutdown connection[localhost:11800].
2020-12-27 17:10:10.100 +08:00 [SeckillAggregateServices] [Error] SkyApm.Transport.Grpc.ConnectionManager : Connect server timeout.
System.Threading.Tasks.TaskCanceledException: Reached deadline.
   at Grpc.Core.Channel.WaitForStateChangedAsync(ChannelState lastObservedState, Nullable`1 deadline)
   at Grpc.Core.Channel.ConnectAsync(Nullable`1 deadline)
   at SkyApm.Transport.Grpc.ConnectionManager.ConnectAsync()
2020-12-27 17:10:15.098 +08:00 [SeckillAggregateServices] [Information] SkyApm.Transport.Grpc.ConnectionManager : Shutdown connection[localhost:11800].
2020-12-27 17:10:25.101 +08:00 [SeckillAggregateServices] [Error] SkyApm.Transport.Grpc.ConnectionManager : Connect server timeout.
System.Threading.Tasks.TaskCanceledException: Reached deadline.
   at Grpc.Core.Channel.WaitForStateChangedAsync(ChannelState lastObservedState, Nullable`1 deadline)
   at Grpc.Core.Channel.ConnectAsync(Nullable`1 deadline)
   at SkyApm.Transport.Grpc.ConnectionManager.ConnectAsync()
2020-12-27 17:10:30.098 +08:00 [SeckillAggregateServices] [Information] SkyApm.Transport.Grpc.ConnectionManager : Shutdown connection[localhost:11800].
2020-12-27 17:10:40.102 +08:00 [SeckillAggregateServices] [Error] SkyApm.Transport.Grpc.ConnectionManager : Connect server timeout.
System.Threading.Tasks.TaskCanceledException: Reached deadline.
   at Grpc.Core.Channel.WaitForStateChangedAsync(ChannelState lastObservedState, Nullable`1 deadline)
   at Grpc.Core.Channel.ConnectAsync(Nullable`1 deadline)
   at SkyApm.Transport.Grpc.ConnectionManager.ConnectAsync()
2020-12-27 17:10:45.101 +08:00 [SeckillAggregateServices] [Information] SkyApm.Transport.Grpc.ConnectionManager : Shutdown connection[localhost:11800].
2020-12-27 17:10:55.103 +08:00 [SeckillAggregateServices] [Error] SkyApm.Transport.Grpc.ConnectionManager : Connect server timeout.
System.Threading.Tasks.TaskCanceledException: Reached deadline.
   at Grpc.Core.Channel.WaitForStateChangedAsync(ChannelState lastObservedState, Nullable`1 deadline)
   at Grpc.Core.Channel.ConnectAsync(Nullable`1 deadline)
   at SkyApm.Transport.Grpc.ConnectionManager.ConnectAsync()
2020-12-27 17:11:00.097 +08:00 [SeckillAggregateServices] [Information] SkyApm.Transport.Grpc.ConnectionManager : Shutdown connection[localhost:11800].
2020-12-27 17:11:10.100 +08:00 [SeckillAggregateServices] [Error] SkyApm.Transport.Grpc.ConnectionManager : Connect server timeout.
System.Threading.Tasks.TaskCanceledException: Reached deadline.
   at Grpc.Core.Channel.WaitForStateChangedAsync(ChannelState lastObservedState, Nullable`1 deadline)
   at Grpc.Core.Channel.ConnectAsync(Nullable`1 deadline)
   at SkyApm.Transport.Grpc.ConnectionManager.ConnectAsync()
2020-12-27 17:11:15.100 +08:00 [SeckillAggregateServices] [Information] SkyApm.Transport.Grpc.ConnectionManager : Shutdown connection[localhost:11800].
2020-12-27 17:11:25.102 +08:00 [SeckillAggregateServices] [Error] SkyApm.Transport.Grpc.ConnectionManager : Connect server timeout.
System.Threading.Tasks.TaskCanceledException: Reached deadline.
   at Grpc.Core.Channel.WaitForStateChangedAsync(ChannelState lastObservedState, Nullable`1 deadline)
   at Grpc.Core.Channel.ConnectAsync(Nullable`1 deadline)
   at SkyApm.Transport.Grpc.ConnectionManager.ConnectAsync()
2020-12-27 17:11:30.096 +08:00 [SeckillAggregateServices] [Information] SkyApm.Transport.Grpc.ConnectionManager : Shutdown connection[localhost:11800].
2020-12-27 17:11:40.101 +08:00 [SeckillAggregateServices] [Error] SkyApm.Transport.Grpc.ConnectionManager : Connect server timeout.
System.Threading.Tasks.TaskCanceledException: Reached deadline.
   at Grpc.Core.Channel.WaitForStateChangedAsync(ChannelState lastObservedState, Nullable`1 deadline)
   at Grpc.Core.Channel.ConnectAsync(Nullable`1 deadline)
   at SkyApm.Transport.Grpc.ConnectionManager.ConnectAsync()
2020-12-27 17:11:45.097 +08:00 [SeckillAggregateServices] [Information] SkyApm.Transport.Grpc.ConnectionManager : Shutdown connection[localhost:11800].
2020-12-27 17:11:55.100 +08:00 [SeckillAggregateServices] [Error] SkyApm.Transport.Grpc.ConnectionManager : Connect server timeout.
System.Threading.Tasks.TaskCanceledException: Reached deadline.
   at Grpc.Core.Channel.WaitForStateChangedAsync(ChannelState lastObservedState, Nullable`1 deadline)
   at Grpc.Core.Channel.ConnectAsync(Nullable`1 deadline)
   at SkyApm.Transport.Grpc.ConnectionManager.ConnectAsync()
2020-12-27 17:12:00.096 +08:00 [SeckillAggregateServices] [Information] SkyApm.Transport.Grpc.ConnectionManager : Shutdown connection[localhost:11800].
2020-12-27 17:12:10.099 +08:00 [SeckillAggregateServices] [Error] SkyApm.Transport.Grpc.ConnectionManager : Connect server timeout.
System.Threading.Tasks.TaskCanceledException: Reached deadline.
   at Grpc.Core.Channel.WaitForStateChangedAsync(ChannelState lastObservedState, Nullable`1 deadline)
   at Grpc.Core.Channel.ConnectAsync(Nullable`1 deadline)
   at SkyApm.Transport.Grpc.ConnectionManager.ConnectAsync()
2020-12-27 17:12:15.098 +08:00 [SeckillAggregateServices] [Information] SkyApm.Transport.Grpc.ConnectionManager : Shutdown connection[localhost:11800].
2020-12-27 17:12:25.101 +08:00 [SeckillAggregateServices] [Error] SkyApm.Transport.Grpc.ConnectionManager : Connect server timeout.
System.Threading.Tasks.TaskCanceledException: Reached deadline.
   at Grpc.Core.Channel.WaitForStateChangedAsync(ChannelState lastObservedState, Nullable`1 deadline)
   at Grpc.Core.Channel.ConnectAsync(Nullable`1 deadline)
   at SkyApm.Transport.Grpc.ConnectionManager.ConnectAsync()
2020-12-27 17:12:30.098 +08:00 [SeckillAggregateServices] [Information] SkyApm.Transport.Grpc.ConnectionManager : Shutdown connection[localhost:11800].
2020-12-27 17:12:40.101 +08:00 [SeckillAggregateServices] [Error] SkyApm.Transport.Grpc.ConnectionManager : Connect server timeout.
System.Threading.Tasks.TaskCanceledException: Reached deadline.
   at Grpc.Core.Channel.WaitForStateChangedAsync(ChannelState lastObservedState, Nullable`1 deadline)
   at Grpc.Core.Channel.ConnectAsync(Nullable`1 deadline)
   at SkyApm.Transport.Grpc.ConnectionManager.ConnectAsync()
2020-12-27 17:12:45.098 +08:00 [SeckillAggregateServices] [Information] SkyApm.Transport.Grpc.ConnectionManager : Shutdown connection[localhost:11800].
2020-12-27 17:12:55.101 +08:00 [SeckillAggregateServices] [Error] SkyApm.Transport.Grpc.ConnectionManager : Connect server timeout.
System.Threading.Tasks.TaskCanceledException: Reached deadline.
   at Grpc.Core.Channel.WaitForStateChangedAsync(ChannelState lastObservedState, Nullable`1 deadline)
   at Grpc.Core.Channel.ConnectAsync(Nullable`1 deadline)
   at SkyApm.Transport.Grpc.ConnectionManager.ConnectAsync()
2020-12-27 17:13:00.097 +08:00 [SeckillAggregateServices] [Information] SkyApm.Transport.Grpc.ConnectionManager : Shutdown connection[localhost:11800].
2020-12-27 17:13:10.100 +08:00 [SeckillAggregateServices] [Error] SkyApm.Transport.Grpc.ConnectionManager : Connect server timeout.
System.Threading.Tasks.TaskCanceledException: Reached deadline.
   at Grpc.Core.Channel.WaitForStateChangedAsync(ChannelState lastObservedState, Nullable`1 deadline)
   at Grpc.Core.Channel.ConnectAsync(Nullable`1 deadline)
   at SkyApm.Transport.Grpc.ConnectionManager.ConnectAsync()
2020-12-27 17:13:15.100 +08:00 [SeckillAggregateServices] [Information] SkyApm.Transport.Grpc.ConnectionManager : Shutdown connection[localhost:11800].
2020-12-27 17:13:25.102 +08:00 [SeckillAggregateServices] [Error] SkyApm.Transport.Grpc.ConnectionManager : Connect server timeout.
System.Threading.Tasks.TaskCanceledException: Reached deadline.
   at Grpc.Core.Channel.WaitForStateChangedAsync(ChannelState lastObservedState, Nullable`1 deadline)
   at Grpc.Core.Channel.ConnectAsync(Nullable`1 deadline)
   at SkyApm.Transport.Grpc.ConnectionManager.ConnectAsync()
2020-12-27 17:13:30.096 +08:00 [SeckillAggregateServices] [Information] SkyApm.Transport.Grpc.ConnectionManager : Shutdown connection[localhost:11800].
2020-12-27 17:13:40.098 +08:00 [SeckillAggregateServices] [Error] SkyApm.Transport.Grpc.ConnectionManager : Connect server timeout.
System.Threading.Tasks.TaskCanceledException: Reached deadline.
   at Grpc.Core.Channel.WaitForStateChangedAsync(ChannelState lastObservedState, Nullable`1 deadline)
   at Grpc.Core.Channel.ConnectAsync(Nullable`1 deadline)
   at SkyApm.Transport.Grpc.ConnectionManager.ConnectAsync()
2020-12-27 17:13:45.098 +08:00 [SeckillAggregateServices] [Information] SkyApm.Transport.Grpc.ConnectionManager : Shutdown connection[localhost:11800].
2020-12-27 17:13:55.101 +08:00 [SeckillAggregateServices] [Error] SkyApm.Transport.Grpc.ConnectionManager : Connect server timeout.
System.Threading.Tasks.TaskCanceledException: Reached deadline.
   at Grpc.Core.Channel.WaitForStateChangedAsync(ChannelState lastObservedState, Nullable`1 deadline)
   at Grpc.Core.Channel.ConnectAsync(Nullable`1 deadline)
   at SkyApm.Transport.Grpc.ConnectionManager.ConnectAsync()
2020-12-27 17:14:00.099 +08:00 [SeckillAggregateServices] [Information] SkyApm.Transport.Grpc.ConnectionManager : Shutdown connection[localhost:11800].
2020-12-27 17:14:10.102 +08:00 [SeckillAggregateServices] [Error] SkyApm.Transport.Grpc.ConnectionManager : Connect server timeout.
System.Threading.Tasks.TaskCanceledException: Reached deadline.
   at Grpc.Core.Channel.WaitForStateChangedAsync(ChannelState lastObservedState, Nullable`1 deadline)
   at Grpc.Core.Channel.ConnectAsync(Nullable`1 deadline)
   at SkyApm.Transport.Grpc.ConnectionManager.ConnectAsync()
2020-12-27 17:14:15.099 +08:00 [SeckillAggregateServices] [Information] SkyApm.Transport.Grpc.ConnectionManager : Shutdown connection[localhost:11800].
2020-12-27 17:14:25.101 +08:00 [SeckillAggregateServices] [Error] SkyApm.Transport.Grpc.ConnectionManager : Connect server timeout.
System.Threading.Tasks.TaskCanceledException: Reached deadline.
   at Grpc.Core.Channel.WaitForStateChangedAsync(ChannelState lastObservedState, Nullable`1 deadline)
   at Grpc.Core.Channel.ConnectAsync(Nullable`1 deadline)
   at SkyApm.Transport.Grpc.ConnectionManager.ConnectAsync()
2020-12-27 17:14:30.098 +08:00 [SeckillAggregateServices] [Information] SkyApm.Transport.Grpc.ConnectionManager : Shutdown connection[localhost:11800].
2020-12-27 17:14:40.101 +08:00 [SeckillAggregateServices] [Error] SkyApm.Transport.Grpc.ConnectionManager : Connect server timeout.
System.Threading.Tasks.TaskCanceledException: Reached deadline.
   at Grpc.Core.Channel.WaitForStateChangedAsync(ChannelState lastObservedState, Nullable`1 deadline)
   at Grpc.Core.Channel.ConnectAsync(Nullable`1 deadline)
   at SkyApm.Transport.Grpc.ConnectionManager.ConnectAsync()
2020-12-27 17:14:45.097 +08:00 [SeckillAggregateServices] [Information] SkyApm.Transport.Grpc.ConnectionManager : Shutdown connection[localhost:11800].
2020-12-27 17:14:55.100 +08:00 [SeckillAggregateServices] [Error] SkyApm.Transport.Grpc.ConnectionManager : Connect server timeout.
System.Threading.Tasks.TaskCanceledException: Reached deadline.
   at Grpc.Core.Channel.WaitForStateChangedAsync(ChannelState lastObservedState, Nullable`1 deadline)
   at Grpc.Core.Channel.ConnectAsync(Nullable`1 deadline)
   at SkyApm.Transport.Grpc.ConnectionManager.ConnectAsync()
2020-12-27 17:15:00.097 +08:00 [SeckillAggregateServices] [Information] SkyApm.Transport.Grpc.ConnectionManager : Shutdown connection[localhost:11800].
2020-12-27 17:15:10.100 +08:00 [SeckillAggregateServices] [Error] SkyApm.Transport.Grpc.ConnectionManager : Connect server timeout.
System.Threading.Tasks.TaskCanceledException: Reached deadline.
   at Grpc.Core.Channel.WaitForStateChangedAsync(ChannelState lastObservedState, Nullable`1 deadline)
   at Grpc.Core.Channel.ConnectAsync(Nullable`1 deadline)
   at SkyApm.Transport.Grpc.ConnectionManager.ConnectAsync()
2020-12-27 17:15:15.098 +08:00 [SeckillAggregateServices] [Information] SkyApm.Transport.Grpc.ConnectionManager : Shutdown connection[localhost:11800].
2020-12-27 17:15:25.100 +08:00 [SeckillAggregateServices] [Error] SkyApm.Transport.Grpc.ConnectionManager : Connect server timeout.
System.Threading.Tasks.TaskCanceledException: Reached deadline.
   at Grpc.Core.Channel.WaitForStateChangedAsync(ChannelState lastObservedState, Nullable`1 deadline)
   at Grpc.Core.Channel.ConnectAsync(Nullable`1 deadline)
   at SkyApm.Transport.Grpc.ConnectionManager.ConnectAsync()
2020-12-27 17:15:30.097 +08:00 [SeckillAggregateServices] [Information] SkyApm.Transport.Grpc.ConnectionManager : Shutdown connection[localhost:11800].
2020-12-27 17:15:40.100 +08:00 [SeckillAggregateServices] [Error] SkyApm.Transport.Grpc.ConnectionManager : Connect server timeout.
System.Threading.Tasks.TaskCanceledException: Reached deadline.
   at Grpc.Core.Channel.WaitForStateChangedAsync(ChannelState lastObservedState, Nullable`1 deadline)
   at Grpc.Core.Channel.ConnectAsync(Nullable`1 deadline)
   at SkyApm.Transport.Grpc.ConnectionManager.ConnectAsync()
2020-12-27 17:15:45.098 +08:00 [SeckillAggregateServices] [Information] SkyApm.Transport.Grpc.ConnectionManager : Shutdown connection[localhost:11800].
2020-12-27 17:15:55.101 +08:00 [SeckillAggregateServices] [Error] SkyApm.Transport.Grpc.ConnectionManager : Connect server timeout.
System.Threading.Tasks.TaskCanceledException: Reached deadline.
   at Grpc.Core.Channel.WaitForStateChangedAsync(ChannelState lastObservedState, Nullable`1 deadline)
   at Grpc.Core.Channel.ConnectAsync(Nullable`1 deadline)
   at SkyApm.Transport.Grpc.ConnectionManager.ConnectAsync()
2020-12-27 17:16:00.097 +08:00 [SeckillAggregateServices] [Information] SkyApm.Transport.Grpc.ConnectionManager : Shutdown connection[localhost:11800].
2020-12-27 17:16:10.099 +08:00 [SeckillAggregateServices] [Error] SkyApm.Transport.Grpc.ConnectionManager : Connect server timeout.
System.Threading.Tasks.TaskCanceledException: Reached deadline.
   at Grpc.Core.Channel.WaitForStateChangedAsync(ChannelState lastObservedState, Nullable`1 deadline)
   at Grpc.Core.Channel.ConnectAsync(Nullable`1 deadline)
   at SkyApm.Transport.Grpc.ConnectionManager.ConnectAsync()
2020-12-27 17:16:15.098 +08:00 [SeckillAggregateServices] [Information] SkyApm.Transport.Grpc.ConnectionManager : Shutdown connection[localhost:11800].
2020-12-27 17:16:25.101 +08:00 [SeckillAggregateServices] [Error] SkyApm.Transport.Grpc.ConnectionManager : Connect server timeout.
System.Threading.Tasks.TaskCanceledException: Reached deadline.
   at Grpc.Core.Channel.WaitForStateChangedAsync(ChannelState lastObservedState, Nullable`1 deadline)
   at Grpc.Core.Channel.ConnectAsync(Nullable`1 deadline)
   at SkyApm.Transport.Grpc.ConnectionManager.ConnectAsync()
2020-12-27 17:16:30.099 +08:00 [SeckillAggregateServices] [Information] SkyApm.Transport.Grpc.ConnectionManager : Shutdown connection[localhost:11800].
2020-12-27 17:16:40.102 +08:00 [SeckillAggregateServices] [Error] SkyApm.Transport.Grpc.ConnectionManager : Connect server timeout.
System.Threading.Tasks.TaskCanceledException: Reached deadline.
   at Grpc.Core.Channel.WaitForStateChangedAsync(ChannelState lastObservedState, Nullable`1 deadline)
   at Grpc.Core.Channel.ConnectAsync(Nullable`1 deadline)
   at SkyApm.Transport.Grpc.ConnectionManager.ConnectAsync()
2020-12-27 17:16:45.097 +08:00 [SeckillAggregateServices] [Information] SkyApm.Transport.Grpc.ConnectionManager : Shutdown connection[localhost:11800].
2020-12-27 17:16:55.101 +08:00 [SeckillAggregateServices] [Error] SkyApm.Transport.Grpc.ConnectionManager : Connect server timeout.
System.Threading.Tasks.TaskCanceledException: Reached deadline.
   at Grpc.Core.Channel.WaitForStateChangedAsync(ChannelState lastObservedState, Nullable`1 deadline)
   at Grpc.Core.Channel.ConnectAsync(Nullable`1 deadline)
   at SkyApm.Transport.Grpc.ConnectionManager.ConnectAsync()
2020-12-27 17:17:00.097 +08:00 [SeckillAggregateServices] [Information] SkyApm.Transport.Grpc.ConnectionManager : Shutdown connection[localhost:11800].
2020-12-27 17:17:10.101 +08:00 [SeckillAggregateServices] [Error] SkyApm.Transport.Grpc.ConnectionManager : Connect server timeout.
System.Threading.Tasks.TaskCanceledException: Reached deadline.
   at Grpc.Core.Channel.WaitForStateChangedAsync(ChannelState lastObservedState, Nullable`1 deadline)
   at Grpc.Core.Channel.ConnectAsync(Nullable`1 deadline)
   at SkyApm.Transport.Grpc.ConnectionManager.ConnectAsync()
2020-12-27 17:17:15.097 +08:00 [SeckillAggregateServices] [Information] SkyApm.Transport.Grpc.ConnectionManager : Shutdown connection[localhost:11800].
2020-12-27 17:17:25.100 +08:00 [SeckillAggregateServices] [Error] SkyApm.Transport.Grpc.ConnectionManager : Connect server timeout.
System.Threading.Tasks.TaskCanceledException: Reached deadline.
   at Grpc.Core.Channel.WaitForStateChangedAsync(ChannelState lastObservedState, Nullable`1 deadline)
   at Grpc.Core.Channel.ConnectAsync(Nullable`1 deadline)
   at SkyApm.Transport.Grpc.ConnectionManager.ConnectAsync()
2020-12-27 17:17:30.097 +08:00 [SeckillAggregateServices] [Information] SkyApm.Transport.Grpc.ConnectionManager : Shutdown connection[localhost:11800].
2020-12-27 17:17:40.100 +08:00 [SeckillAggregateServices] [Error] SkyApm.Transport.Grpc.ConnectionManager : Connect server timeout.
System.Threading.Tasks.TaskCanceledException: Reached deadline.
   at Grpc.Core.Channel.WaitForStateChangedAsync(ChannelState lastObservedState, Nullable`1 deadline)
   at Grpc.Core.Channel.ConnectAsync(Nullable`1 deadline)
   at SkyApm.Transport.Grpc.ConnectionManager.ConnectAsync()
2020-12-27 17:17:45.098 +08:00 [SeckillAggregateServices] [Information] SkyApm.Transport.Grpc.ConnectionManager : Shutdown connection[localhost:11800].
2020-12-27 17:17:55.100 +08:00 [SeckillAggregateServices] [Error] SkyApm.Transport.Grpc.ConnectionManager : Connect server timeout.
System.Threading.Tasks.TaskCanceledException: Reached deadline.
   at Grpc.Core.Channel.WaitForStateChangedAsync(ChannelState lastObservedState, Nullable`1 deadline)
   at Grpc.Core.Channel.ConnectAsync(Nullable`1 deadline)
   at SkyApm.Transport.Grpc.ConnectionManager.ConnectAsync()
2020-12-27 17:18:00.097 +08:00 [SeckillAggregateServices] [Information] SkyApm.Transport.Grpc.ConnectionManager : Shutdown connection[localhost:11800].
2020-12-27 17:18:10.100 +08:00 [SeckillAggregateServices] [Error] SkyApm.Transport.Grpc.ConnectionManager : Connect server timeout.
System.Threading.Tasks.TaskCanceledException: Reached deadline.
   at Grpc.Core.Channel.WaitForStateChangedAsync(ChannelState lastObservedState, Nullable`1 deadline)
   at Grpc.Core.Channel.ConnectAsync(Nullable`1 deadline)
   at SkyApm.Transport.Grpc.ConnectionManager.ConnectAsync()
2020-12-27 17:18:15.098 +08:00 [SeckillAggregateServices] [Information] SkyApm.Transport.Grpc.ConnectionManager : Shutdown connection[localhost:11800].
2020-12-27 17:18:25.100 +08:00 [SeckillAggregateServices] [Error] SkyApm.Transport.Grpc.ConnectionManager : Connect server timeout.
System.Threading.Tasks.TaskCanceledException: Reached deadline.
   at Grpc.Core.Channel.WaitForStateChangedAsync(ChannelState lastObservedState, Nullable`1 deadline)
   at Grpc.Core.Channel.ConnectAsync(Nullable`1 deadline)
   at SkyApm.Transport.Grpc.ConnectionManager.ConnectAsync()
2020-12-27 17:18:30.097 +08:00 [SeckillAggregateServices] [Information] SkyApm.Transport.Grpc.ConnectionManager : Shutdown connection[localhost:11800].
2020-12-27 17:18:40.100 +08:00 [SeckillAggregateServices] [Error] SkyApm.Transport.Grpc.ConnectionManager : Connect server timeout.
System.Threading.Tasks.TaskCanceledException: Reached deadline.
   at Grpc.Core.Channel.WaitForStateChangedAsync(ChannelState lastObservedState, Nullable`1 deadline)
   at Grpc.Core.Channel.ConnectAsync(Nullable`1 deadline)
   at SkyApm.Transport.Grpc.ConnectionManager.ConnectAsync()
2020-12-27 17:18:45.099 +08:00 [SeckillAggregateServices] [Information] SkyApm.Transport.Grpc.ConnectionManager : Shutdown connection[localhost:11800].
2020-12-27 17:18:55.102 +08:00 [SeckillAggregateServices] [Error] SkyApm.Transport.Grpc.ConnectionManager : Connect server timeout.
System.Threading.Tasks.TaskCanceledException: Reached deadline.
   at Grpc.Core.Channel.WaitForStateChangedAsync(ChannelState lastObservedState, Nullable`1 deadline)
   at Grpc.Core.Channel.ConnectAsync(Nullable`1 deadline)
   at SkyApm.Transport.Grpc.ConnectionManager.ConnectAsync()
2020-12-27 17:19:00.097 +08:00 [SeckillAggregateServices] [Information] SkyApm.Transport.Grpc.ConnectionManager : Shutdown connection[localhost:11800].
2020-12-27 17:19:10.099 +08:00 [SeckillAggregateServices] [Error] SkyApm.Transport.Grpc.ConnectionManager : Connect server timeout.
System.Threading.Tasks.TaskCanceledException: Reached deadline.
   at Grpc.Core.Channel.WaitForStateChangedAsync(ChannelState lastObservedState, Nullable`1 deadline)
   at Grpc.Core.Channel.ConnectAsync(Nullable`1 deadline)
   at SkyApm.Transport.Grpc.ConnectionManager.ConnectAsync()
2020-12-27 17:19:15.100 +08:00 [SeckillAggregateServices] [Information] SkyApm.Transport.Grpc.ConnectionManager : Shutdown connection[localhost:11800].
2020-12-27 17:19:25.102 +08:00 [SeckillAggregateServices] [Error] SkyApm.Transport.Grpc.ConnectionManager : Connect server timeout.
System.Threading.Tasks.TaskCanceledException: Reached deadline.
   at Grpc.Core.Channel.WaitForStateChangedAsync(ChannelState lastObservedState, Nullable`1 deadline)
   at Grpc.Core.Channel.ConnectAsync(Nullable`1 deadline)
   at SkyApm.Transport.Grpc.ConnectionManager.ConnectAsync()
2020-12-27 17:19:30.097 +08:00 [SeckillAggregateServices] [Information] SkyApm.Transport.Grpc.ConnectionManager : Shutdown connection[localhost:11800].
2020-12-27 17:19:40.099 +08:00 [SeckillAggregateServices] [Error] SkyApm.Transport.Grpc.ConnectionManager : Connect server timeout.
System.Threading.Tasks.TaskCanceledException: Reached deadline.
   at Grpc.Core.Channel.WaitForStateChangedAsync(ChannelState lastObservedState, Nullable`1 deadline)
   at Grpc.Core.Channel.ConnectAsync(Nullable`1 deadline)
   at SkyApm.Transport.Grpc.ConnectionManager.ConnectAsync()
2020-12-27 17:19:45.097 +08:00 [SeckillAggregateServices] [Information] SkyApm.Transport.Grpc.ConnectionManager : Shutdown connection[localhost:11800].
2020-12-27 17:19:55.100 +08:00 [SeckillAggregateServices] [Error] SkyApm.Transport.Grpc.ConnectionManager : Connect server timeout.
System.Threading.Tasks.TaskCanceledException: Reached deadline.
   at Grpc.Core.Channel.WaitForStateChangedAsync(ChannelState lastObservedState, Nullable`1 deadline)
   at Grpc.Core.Channel.ConnectAsync(Nullable`1 deadline)
   at SkyApm.Transport.Grpc.ConnectionManager.ConnectAsync()
2020-12-27 17:20:00.097 +08:00 [SeckillAggregateServices] [Information] SkyApm.Transport.Grpc.ConnectionManager : Shutdown connection[localhost:11800].
2020-12-27 17:20:10.100 +08:00 [SeckillAggregateServices] [Error] SkyApm.Transport.Grpc.ConnectionManager : Connect server timeout.
System.Threading.Tasks.TaskCanceledException: Reached deadline.
   at Grpc.Core.Channel.WaitForStateChangedAsync(ChannelState lastObservedState, Nullable`1 deadline)
   at Grpc.Core.Channel.ConnectAsync(Nullable`1 deadline)
   at SkyApm.Transport.Grpc.ConnectionManager.ConnectAsync()
2020-12-27 17:20:15.099 +08:00 [SeckillAggregateServices] [Information] SkyApm.Transport.Grpc.ConnectionManager : Shutdown connection[localhost:11800].
2020-12-27 17:20:25.101 +08:00 [SeckillAggregateServices] [Error] SkyApm.Transport.Grpc.ConnectionManager : Connect server timeout.
System.Threading.Tasks.TaskCanceledException: Reached deadline.
   at Grpc.Core.Channel.WaitForStateChangedAsync(ChannelState lastObservedState, Nullable`1 deadline)
   at Grpc.Core.Channel.ConnectAsync(Nullable`1 deadline)
   at SkyApm.Transport.Grpc.ConnectionManager.ConnectAsync()
2020-12-27 17:20:30.100 +08:00 [SeckillAggregateServices] [Information] SkyApm.Transport.Grpc.ConnectionManager : Shutdown connection[localhost:11800].
2020-12-27 17:20:33.902 +08:00 [SeckillAggregateServices] [Information] SkyApm.Service.RegisterService : Stopped instrument service RegisterService.
2020-12-27 17:20:33.902 +08:00 [SeckillAggregateServices] [Information] SkyApm.Service.PingService : Stopped instrument service PingService.
2020-12-27 17:20:33.902 +08:00 [SeckillAggregateServices] [Information] SkyApm.Service.SegmentReportService : Stopped instrument service SegmentReportService.
2020-12-27 17:20:33.902 +08:00 [SeckillAggregateServices] [Information] SkyApm.Service.CLRStatsService : Stopped instrument service CLRStatsService.
2020-12-27 17:20:33.902 +08:00 [SeckillAggregateServices] [Information] SkyApm.Sampling.SimpleCountSamplingInterceptor : Stopped instrument service SimpleCountSamplingInterceptor.
2020-12-27 17:20:33.902 +08:00 [SeckillAggregateServices] [Information] SkyApm.Transport.Grpc.ConnectService : Stopped instrument service ConnectService.
2020-12-27 17:20:33.902 +08:00 [SeckillAggregateServices] [Information] SkyApm.InstrumentStartup : Stopped SkyAPM .NET Core Agent.
